==16528== Memcheck, a memory error detector
==16528== Copyright (C) 2002-2017, and GNU GPL'd, by Julian Seward et al.
==16528== Using Valgrind-3.16.1 and LibVEX; rerun with -h for copyright info
==16528== Command: ./corewar ../vm_champs/champs/ex.cor ../vm_champs/champs/ex.cor -dump 10
==16528== 
Introducing contestants...
==16528== Conditional jump or move depends on uninitialised value(s)
==16528==    at 0x10000B475: ft_strlen (ft_strlen.c:52)
==16528==    by 0x100008455: ft_place_string (type_string.c:51)
==16528==    by 0x100002D47: ft_check_form_word (check_format_word.c:58)
==16528==    by 0x100005ED4: ft_parse_format (parse_format.c:98)
==16528==    by 0x1000048AA: ft_printf (ft_printf.c:97)
==16528==    by 0x100011384: ft_print_intro (prep_battle.c:84)
==16528==    by 0x10001119A: ft_prep_battle (prep_battle.c:102)
==16528==    by 0x10000C4AD: main (corewar.c:71)
==16528== 
* Player 1, weighing 23 bytes, "zork" ("just a basic living prog") !
* Player 2, weighing 23 bytes, "zork" ("just a basic living prog") !
==16528== 
==16528== HEAP SUMMARY:
==16528==     in use at exit: 18,421 bytes in 164 blocks
==16528==   total heap usage: 208 allocs, 44 frees, 36,235 bytes allocated
==16528== 
==16528== 64 bytes in 1 blocks are definitely lost in loss record 16 of 41
==16528==    at 0x1000D56EA: calloc (in /usr/local/Cellar/valgrind/3.16.1/lib/valgrind/vgpreload_memcheck-amd64-darwin.so)
==16528==    by 0x100782BA4: realizeClass(objc_class*) (in /usr/lib/libobjc.A.dylib)
==16528==    by 0x100782C5A: realizeClass(objc_class*) (in /usr/lib/libobjc.A.dylib)
==16528==    by 0x100782C5A: realizeClass(objc_class*) (in /usr/lib/libobjc.A.dylib)
==16528==    by 0x100781363: _read_images (in /usr/lib/libobjc.A.dylib)
==16528==    by 0x10077FAC4: map_images_nolock (in /usr/lib/libobjc.A.dylib)
==16528==    by 0x1007927DA: objc_object::sidetable_retainCount() (in /usr/lib/libobjc.A.dylib)
==16528==    by 0x100030C64: dyld::notifyBatchPartial(dyld_image_states, bool, char const* (*)(dyld_image_states, unsigned int, dyld_image_info const*), bool, bool) (in /usr/lib/dyld)
==16528==    by 0x100030E39: dyld::registerObjCNotifiers(void (*)(unsigned int, char const* const*, mach_header const* const*), void (*)(char const*, mach_header const*), void (*)(char const*, mach_header const*)) (in /usr/lib/dyld)
==16528==    by 0x10024A71D: _dyld_objc_notify_register (in /usr/lib/system/libdyld.dylib)
==16528==    by 0x10077F075: _objc_init (in /usr/lib/libobjc.A.dylib)
==16528==    by 0x1001D4B34: _os_object_init (in /usr/lib/system/libdispatch.dylib)
==16528== 
==16528== 64 bytes in 1 blocks are definitely lost in loss record 17 of 41
==16528==    at 0x1000D56EA: calloc (in /usr/local/Cellar/valgrind/3.16.1/lib/valgrind/vgpreload_memcheck-amd64-darwin.so)
==16528==    by 0x100782BA4: realizeClass(objc_class*) (in /usr/lib/libobjc.A.dylib)
==16528==    by 0x100782C5A: realizeClass(objc_class*) (in /usr/lib/libobjc.A.dylib)
==16528==    by 0x100782C5A: realizeClass(objc_class*) (in /usr/lib/libobjc.A.dylib)
==16528==    by 0x100782C5A: realizeClass(objc_class*) (in /usr/lib/libobjc.A.dylib)
==16528==    by 0x100781363: _read_images (in /usr/lib/libobjc.A.dylib)
==16528==    by 0x10077FAC4: map_images_nolock (in /usr/lib/libobjc.A.dylib)
==16528==    by 0x1007927DA: objc_object::sidetable_retainCount() (in /usr/lib/libobjc.A.dylib)
==16528==    by 0x100030C64: dyld::notifyBatchPartial(dyld_image_states, bool, char const* (*)(dyld_image_states, unsigned int, dyld_image_info const*), bool, bool) (in /usr/lib/dyld)
==16528==    by 0x100030E39: dyld::registerObjCNotifiers(void (*)(unsigned int, char const* const*, mach_header const* const*), void (*)(char const*, mach_header const*), void (*)(char const*, mach_header const*)) (in /usr/lib/dyld)
==16528==    by 0x10024A71D: _dyld_objc_notify_register (in /usr/lib/system/libdyld.dylib)
==16528==    by 0x10077F075: _objc_init (in /usr/lib/libobjc.A.dylib)
==16528== 
==16528== 64 bytes in 1 blocks are definitely lost in loss record 18 of 41
==16528==    at 0x1000D56EA: calloc (in /usr/local/Cellar/valgrind/3.16.1/lib/valgrind/vgpreload_memcheck-amd64-darwin.so)
==16528==    by 0x100782BA4: realizeClass(objc_class*) (in /usr/lib/libobjc.A.dylib)
==16528==    by 0x100782C72: realizeClass(objc_class*) (in /usr/lib/libobjc.A.dylib)
==16528==    by 0x100782C5A: realizeClass(objc_class*) (in /usr/lib/libobjc.A.dylib)
==16528==    by 0x100782C5A: realizeClass(objc_class*) (in /usr/lib/libobjc.A.dylib)
==16528==    by 0x100782C5A: realizeClass(objc_class*) (in /usr/lib/libobjc.A.dylib)
==16528==    by 0x100781363: _read_images (in /usr/lib/libobjc.A.dylib)
==16528==    by 0x10077FAC4: map_images_nolock (in /usr/lib/libobjc.A.dylib)
==16528==    by 0x1007927DA: objc_object::sidetable_retainCount() (in /usr/lib/libobjc.A.dylib)
==16528==    by 0x100030C64: dyld::notifyBatchPartial(dyld_image_states, bool, char const* (*)(dyld_image_states, unsigned int, dyld_image_info const*), bool, bool) (in /usr/lib/dyld)
==16528==    by 0x100030E39: dyld::registerObjCNotifiers(void (*)(unsigned int, char const* const*, mach_header const* const*), void (*)(char const*, mach_header const*), void (*)(char const*, mach_header const*)) (in /usr/lib/dyld)
==16528==    by 0x10024A71D: _dyld_objc_notify_register (in /usr/lib/system/libdyld.dylib)
==16528== 
==16528== 64 bytes in 1 blocks are definitely lost in loss record 19 of 41
==16528==    at 0x1000D56EA: calloc (in /usr/local/Cellar/valgrind/3.16.1/lib/valgrind/vgpreload_memcheck-amd64-darwin.so)
==16528==    by 0x100782BA4: realizeClass(objc_class*) (in /usr/lib/libobjc.A.dylib)
==16528==    by 0x100782C72: realizeClass(objc_class*) (in /usr/lib/libobjc.A.dylib)
==16528==    by 0x100782C5A: realizeClass(objc_class*) (in /usr/lib/libobjc.A.dylib)
==16528==    by 0x100782C5A: realizeClass(objc_class*) (in /usr/lib/libobjc.A.dylib)
==16528==    by 0x100781363: _read_images (in /usr/lib/libobjc.A.dylib)
==16528==    by 0x10077FAC4: map_images_nolock (in /usr/lib/libobjc.A.dylib)
==16528==    by 0x1007927DA: objc_object::sidetable_retainCount() (in /usr/lib/libobjc.A.dylib)
==16528==    by 0x100030C64: dyld::notifyBatchPartial(dyld_image_states, bool, char const* (*)(dyld_image_states, unsigned int, dyld_image_info const*), bool, bool) (in /usr/lib/dyld)
==16528==    by 0x100030E39: dyld::registerObjCNotifiers(void (*)(unsigned int, char const* const*, mach_header const* const*), void (*)(char const*, mach_header const*), void (*)(char const*, mach_header const*)) (in /usr/lib/dyld)
==16528==    by 0x10024A71D: _dyld_objc_notify_register (in /usr/lib/system/libdyld.dylib)
==16528==    by 0x10077F075: _objc_init (in /usr/lib/libobjc.A.dylib)
==16528== 
==16528== 72 bytes in 3 blocks are possibly lost in loss record 20 of 41
==16528==    at 0x1000D56EA: calloc (in /usr/local/Cellar/valgrind/3.16.1/lib/valgrind/vgpreload_memcheck-amd64-darwin.so)
==16528==    by 0x10077F7E2: map_images_nolock (in /usr/lib/libobjc.A.dylib)
==16528==    by 0x1007927DA: objc_object::sidetable_retainCount() (in /usr/lib/libobjc.A.dylib)
==16528==    by 0x100030C64: dyld::notifyBatchPartial(dyld_image_states, bool, char const* (*)(dyld_image_states, unsigned int, dyld_image_info const*), bool, bool) (in /usr/lib/dyld)
==16528==    by 0x100030E39: dyld::registerObjCNotifiers(void (*)(unsigned int, char const* const*, mach_header const* const*), void (*)(char const*, mach_header const*), void (*)(char const*, mach_header const*)) (in /usr/lib/dyld)
==16528==    by 0x10024A71D: _dyld_objc_notify_register (in /usr/lib/system/libdyld.dylib)
==16528==    by 0x10077F075: _objc_init (in /usr/lib/libobjc.A.dylib)
==16528==    by 0x1001D4B34: _os_object_init (in /usr/lib/system/libdispatch.dylib)
==16528==    by 0x1001D4B1B: libdispatch_init (in /usr/lib/system/libdispatch.dylib)
==16528==    by 0x1000E39C2: libSystem_initializer (in /usr/lib/libSystem.B.dylib)
==16528==    by 0x100042AC5: ImageLoaderMachO::doModInitFunctions(ImageLoader::LinkContext const&) (in /usr/lib/dyld)
==16528==    by 0x100042CF5: ImageLoaderMachO::doInitialization(ImageLoader::LinkContext const&) (in /usr/lib/dyld)
==16528== 
==16528== 104 (32 direct, 72 indirect) bytes in 1 blocks are definitely lost in loss record 22 of 41
==16528==    at 0x1000D52FE: malloc_zone_malloc (in /usr/local/Cellar/valgrind/3.16.1/lib/valgrind/vgpreload_memcheck-amd64-darwin.so)
==16528==    by 0x100781AA1: NXCreateHashTableFromZone (in /usr/lib/libobjc.A.dylib)
==16528==    by 0x100781A50: NXCreateHashTable (in /usr/lib/libobjc.A.dylib)
==16528==    by 0x100781950: NXCreateMapTableFromZone (in /usr/lib/libobjc.A.dylib)
==16528==    by 0x1007818FA: NXCreateMapTableFromZone (in /usr/lib/libobjc.A.dylib)
==16528==    by 0x1007803CB: __sel_registerName(char const*, int, int) (in /usr/lib/libobjc.A.dylib)
==16528==    by 0x1007800DA: sel_init (in /usr/lib/libobjc.A.dylib)
==16528==    by 0x10077F9AD: map_images_nolock (in /usr/lib/libobjc.A.dylib)
==16528==    by 0x1007927DA: objc_object::sidetable_retainCount() (in /usr/lib/libobjc.A.dylib)
==16528==    by 0x100030C64: dyld::notifyBatchPartial(dyld_image_states, bool, char const* (*)(dyld_image_states, unsigned int, dyld_image_info const*), bool, bool) (in /usr/lib/dyld)
==16528==    by 0x100030E39: dyld::registerObjCNotifiers(void (*)(unsigned int, char const* const*, mach_header const* const*), void (*)(char const*, mach_header const*), void (*)(char const*, mach_header const*)) (in /usr/lib/dyld)
==16528==    by 0x10024A71D: _dyld_objc_notify_register (in /usr/lib/system/libdyld.dylib)
==16528== 
==16528== 168 (32 direct, 136 indirect) bytes in 1 blocks are definitely lost in loss record 24 of 41
==16528==    at 0x1000D52FE: malloc_zone_malloc (in /usr/local/Cellar/valgrind/3.16.1/lib/valgrind/vgpreload_memcheck-amd64-darwin.so)
==16528==    by 0x100781A80: NXCreateHashTableFromZone (in /usr/lib/libobjc.A.dylib)
==16528==    by 0x100781A50: NXCreateHashTable (in /usr/lib/libobjc.A.dylib)
==16528==    by 0x100781950: NXCreateMapTableFromZone (in /usr/lib/libobjc.A.dylib)
==16528==    by 0x1007818FA: NXCreateMapTableFromZone (in /usr/lib/libobjc.A.dylib)
==16528==    by 0x1007803CB: __sel_registerName(char const*, int, int) (in /usr/lib/libobjc.A.dylib)
==16528==    by 0x1007800DA: sel_init (in /usr/lib/libobjc.A.dylib)
==16528==    by 0x10077F9AD: map_images_nolock (in /usr/lib/libobjc.A.dylib)
==16528==    by 0x1007927DA: objc_object::sidetable_retainCount() (in /usr/lib/libobjc.A.dylib)
==16528==    by 0x100030C64: dyld::notifyBatchPartial(dyld_image_states, bool, char const* (*)(dyld_image_states, unsigned int, dyld_image_info const*), bool, bool) (in /usr/lib/dyld)
==16528==    by 0x100030E39: dyld::registerObjCNotifiers(void (*)(unsigned int, char const* const*, mach_header const* const*), void (*)(char const*, mach_header const*), void (*)(char const*, mach_header const*)) (in /usr/lib/dyld)
==16528==    by 0x10024A71D: _dyld_objc_notify_register (in /usr/lib/system/libdyld.dylib)
==16528== 
==16528== 192 bytes in 3 blocks are definitely lost in loss record 25 of 41
==16528==    at 0x1000D56EA: calloc (in /usr/local/Cellar/valgrind/3.16.1/lib/valgrind/vgpreload_memcheck-amd64-darwin.so)
==16528==    by 0x100782BA4: realizeClass(objc_class*) (in /usr/lib/libobjc.A.dylib)
==16528==    by 0x100782C5A: realizeClass(objc_class*) (in /usr/lib/libobjc.A.dylib)
==16528==    by 0x100781363: _read_images (in /usr/lib/libobjc.A.dylib)
==16528==    by 0x10077FAC4: map_images_nolock (in /usr/lib/libobjc.A.dylib)
==16528==    by 0x1007927DA: objc_object::sidetable_retainCount() (in /usr/lib/libobjc.A.dylib)
==16528==    by 0x100030C64: dyld::notifyBatchPartial(dyld_image_states, bool, char const* (*)(dyld_image_states, unsigned int, dyld_image_info const*), bool, bool) (in /usr/lib/dyld)
==16528==    by 0x100030E39: dyld::registerObjCNotifiers(void (*)(unsigned int, char const* const*, mach_header const* const*), void (*)(char const*, mach_header const*), void (*)(char const*, mach_header const*)) (in /usr/lib/dyld)
==16528==    by 0x10024A71D: _dyld_objc_notify_register (in /usr/lib/system/libdyld.dylib)
==16528==    by 0x10077F075: _objc_init (in /usr/lib/libobjc.A.dylib)
==16528==    by 0x1001D4B34: _os_object_init (in /usr/lib/system/libdispatch.dylib)
==16528==    by 0x1001D4B1B: libdispatch_init (in /usr/lib/system/libdispatch.dylib)
==16528== 
==16528== 192 bytes in 3 blocks are definitely lost in loss record 26 of 41
==16528==    at 0x1000D56EA: calloc (in /usr/local/Cellar/valgrind/3.16.1/lib/valgrind/vgpreload_memcheck-amd64-darwin.so)
==16528==    by 0x100782BA4: realizeClass(objc_class*) (in /usr/lib/libobjc.A.dylib)
==16528==    by 0x100782C72: realizeClass(objc_class*) (in /usr/lib/libobjc.A.dylib)
==16528==    by 0x100782C5A: realizeClass(objc_class*) (in /usr/lib/libobjc.A.dylib)
==16528==    by 0x100781363: _read_images (in /usr/lib/libobjc.A.dylib)
==16528==    by 0x10077FAC4: map_images_nolock (in /usr/lib/libobjc.A.dylib)
==16528==    by 0x1007927DA: objc_object::sidetable_retainCount() (in /usr/lib/libobjc.A.dylib)
==16528==    by 0x100030C64: dyld::notifyBatchPartial(dyld_image_states, bool, char const* (*)(dyld_image_states, unsigned int, dyld_image_info const*), bool, bool) (in /usr/lib/dyld)
==16528==    by 0x100030E39: dyld::registerObjCNotifiers(void (*)(unsigned int, char const* const*, mach_header const* const*), void (*)(char const*, mach_header const*), void (*)(char const*, mach_header const*)) (in /usr/lib/dyld)
==16528==    by 0x10024A71D: _dyld_objc_notify_register (in /usr/lib/system/libdyld.dylib)
==16528==    by 0x10077F075: _objc_init (in /usr/lib/libobjc.A.dylib)
==16528==    by 0x1001D4B34: _os_object_init (in /usr/lib/system/libdispatch.dylib)
==16528== 
==16528== 3,264 bytes in 51 blocks are definitely lost in loss record 39 of 41
==16528==    at 0x1000D56EA: calloc (in /usr/local/Cellar/valgrind/3.16.1/lib/valgrind/vgpreload_memcheck-amd64-darwin.so)
==16528==    by 0x100782BA4: realizeClass(objc_class*) (in /usr/lib/libobjc.A.dylib)
==16528==    by 0x100782C72: realizeClass(objc_class*) (in /usr/lib/libobjc.A.dylib)
==16528==    by 0x100781363: _read_images (in /usr/lib/libobjc.A.dylib)
==16528==    by 0x10077FAC4: map_images_nolock (in /usr/lib/libobjc.A.dylib)
==16528==    by 0x1007927DA: objc_object::sidetable_retainCount() (in /usr/lib/libobjc.A.dylib)
==16528==    by 0x100030C64: dyld::notifyBatchPartial(dyld_image_states, bool, char const* (*)(dyld_image_states, unsigned int, dyld_image_info const*), bool, bool) (in /usr/lib/dyld)
==16528==    by 0x100030E39: dyld::registerObjCNotifiers(void (*)(unsigned int, char const* const*, mach_header const* const*), void (*)(char const*, mach_header const*), void (*)(char const*, mach_header const*)) (in /usr/lib/dyld)
==16528==    by 0x10024A71D: _dyld_objc_notify_register (in /usr/lib/system/libdyld.dylib)
==16528==    by 0x10077F075: _objc_init (in /usr/lib/libobjc.A.dylib)
==16528==    by 0x1001D4B34: _os_object_init (in /usr/lib/system/libdispatch.dylib)
==16528==    by 0x1001D4B1B: libdispatch_init (in /usr/lib/system/libdispatch.dylib)
==16528== 
==16528== 4,136 (24 direct, 4,112 indirect) bytes in 1 blocks are definitely lost in loss record 41 of 41
==16528==    at 0x1000D52FE: malloc_zone_malloc (in /usr/local/Cellar/valgrind/3.16.1/lib/valgrind/vgpreload_memcheck-amd64-darwin.so)
==16528==    by 0x100781928: NXCreateMapTableFromZone (in /usr/lib/libobjc.A.dylib)
==16528==    by 0x1007818FA: NXCreateMapTableFromZone (in /usr/lib/libobjc.A.dylib)
==16528==    by 0x1007803CB: __sel_registerName(char const*, int, int) (in /usr/lib/libobjc.A.dylib)
==16528==    by 0x1007800DA: sel_init (in /usr/lib/libobjc.A.dylib)
==16528==    by 0x10077F9AD: map_images_nolock (in /usr/lib/libobjc.A.dylib)
==16528==    by 0x1007927DA: objc_object::sidetable_retainCount() (in /usr/lib/libobjc.A.dylib)
==16528==    by 0x100030C64: dyld::notifyBatchPartial(dyld_image_states, bool, char const* (*)(dyld_image_states, unsigned int, dyld_image_info const*), bool, bool) (in /usr/lib/dyld)
==16528==    by 0x100030E39: dyld::registerObjCNotifiers(void (*)(unsigned int, char const* const*, mach_header const* const*), void (*)(char const*, mach_header const*), void (*)(char const*, mach_header const*)) (in /usr/lib/dyld)
==16528==    by 0x10024A71D: _dyld_objc_notify_register (in /usr/lib/system/libdyld.dylib)
==16528==    by 0x10077F075: _objc_init (in /usr/lib/libobjc.A.dylib)
==16528==    by 0x1001D4B34: _os_object_init (in /usr/lib/system/libdispatch.dylib)
==16528== 
==16528== LEAK SUMMARY:
==16528==    definitely lost: 3,992 bytes in 64 blocks
==16528==    indirectly lost: 6,912 bytes in 9 blocks
==16528==      possibly lost: 72 bytes in 3 blocks
==16528==    still reachable: 32 bytes in 1 blocks
==16528==         suppressed: 7,413 bytes in 87 blocks
==16528== Reachable blocks (those to which a pointer was found) are not shown.
==16528== To see them, rerun with: --leak-check=full --show-leak-kinds=all
==16528== 
==16528== For lists of detected and suppressed errors, rerun with: -s
==16528== ERROR SUMMARY: 15 errors from 12 contexts (suppressed: 12 from 12)
